<?xml version="1.0" encoding="UTF-8"?>
<testsuite name="com.tradelxapp.cucumber.PetStoreRunner" time="20.019" tests="4" errors="0" skipped="0" failures="0">
  <properties>
[...]
</properties>
  <testcase name="Check if the petstore application can be accessed" classname="Testing different request on PetStore Application" time="2.934"/>
  <testcase name="Create a new Pet and verify the pet has created" classname="Testing different request on PetStore Application" time="4.161"/>
  <testcase name="Update the newly created Pet and verify the pet name and status has updated" classname="Testing different request on PetStore Application" time="8.825"/>
  <testcase name="Delete the newly created Pet and verify the pet has deleted" classname="Testing different request on PetStore Application" time="4.099"/>
</testsuite>