<?xml version="1.0" encoding="UTF-8"?><testsuite errors="0" failures="0" name="Testing different request on PetStore Application" skipped="0" tests="4" time="20.14" timestamp="2020-02-25 09:09:45"><testcase name="Check if the petstore application can be accessed"/><testcase name="Create a new Pet and verify the pet has created"/><testcase name="Update the newly created Pet and verify the pet name and status has updated"/><testcase name="Delete the newly created Pet and verify the pet has deleted"/></testsuite>